2024-07-28 12:44:04,057 - __main__ - DEBUG - Started
2024-07-28 12:44:15,232 - __main__ - DEBUG - fish iteration 0
2024-07-28 12:44:26,821 - __main__ - DEBUG - fish iteration 1
2024-07-28 12:45:00,521 - __main__ - DEBUG - fish iteration 2
2024-07-28 12:45:35,097 - __main__ - DEBUG - x_1, y_1 = ('863', '654')
2024-07-28 12:45:50,770 - __main__ - DEBUG - fish iteration 0
2024-07-28 12:46:38,078 - __main__ - DEBUG - fish iteration 1
2024-07-28 12:47:07,343 - __main__ - DEBUG - fish iteration 2
2024-07-28 12:47:34,042 - __main__ - DEBUG - x_1, y_1 = ('883', '655')
2024-07-28 12:47:44,195 - __main__ - DEBUG - x_1, y_1 = ('896', '661')
2024-07-28 12:47:57,564 - __main__ - DEBUG - fish iteration 0
2024-07-28 12:49:33,912 - __main__ - DEBUG - fish iteration 1
2024-07-28 12:50:23,593 - __main__ - DEBUG - fish iteration 2
2024-07-28 12:50:30,141 - __main__ - DEBUG - Finished
2024-07-28 12:50:40,491 - __main__ - DEBUG - Started
2024-07-28 12:50:59,565 - __main__ - DEBUG - fish iteration 0
2024-07-28 12:52:22,103 - __main__ - DEBUG - fish iteration 1
2024-07-28 12:52:49,004 - __main__ - DEBUG - fish iteration 2
2024-07-28 12:54:01,273 - __main__ - DEBUG - x_1, y_1 = ('863', '654')
2024-07-28 12:54:20,396 - __main__ - DEBUG - fish iteration 0
2024-07-28 12:54:55,916 - __main__ - DEBUG - fish iteration 1
2024-07-28 12:55:22,965 - __main__ - DEBUG - fish iteration 2
2024-07-28 12:55:53,999 - __main__ - DEBUG - x_1, y_1 = ('883', '655')
2024-07-28 12:55:58,580 - __main__ - DEBUG - x_1, y_1 = ('896', '661')
2024-07-28 12:56:18,671 - __main__ - DEBUG - fish iteration 0
2024-07-28 12:57:02,845 - __main__ - DEBUG - fish iteration 1
2024-07-28 12:57:36,734 - __main__ - DEBUG - fish iteration 2
2024-07-28 12:58:00,787 - __main__ - DEBUG - Finished
2024-07-28 16:46:14,837 - __main__ - DEBUG - Started
2024-07-28 16:46:29,318 - __main__ - DEBUG - fish iteration 0
2024-07-28 16:47:09,088 - __main__ - DEBUG - fish iteration 1
2024-07-28 16:47:58,073 - __main__ - DEBUG - fish iteration 2
2024-07-28 16:48:23,735 - __main__ - DEBUG - Started
2024-07-28 16:48:31,597 - __main__ - DEBUG - fish iteration 0
2024-07-28 16:49:07,355 - __main__ - DEBUG - fish iteration 1
2024-07-28 16:49:42,784 - __main__ - DEBUG - fish iteration 2
2024-07-28 17:12:50,322 - __main__ - DEBUG - Started
2024-07-28 17:14:14,312 - __main__ - DEBUG - Started
2024-07-28 17:14:40,721 - __main__ - DEBUG - Started
2024-07-28 17:15:28,652 - __main__ - DEBUG - Started
2024-07-28 17:16:02,900 - __main__ - DEBUG - Started
2024-07-28 17:16:27,524 - __main__ - DEBUG - Started
2024-07-28 17:17:00,644 - __main__ - DEBUG - Started
2024-07-28 17:17:09,518 - __main__ - DEBUG - Started
2024-07-28 17:19:08,653 - __main__ - DEBUG - Started
2024-07-28 17:19:09,726 - __main__ - DEBUG - fish iteration 0
2024-07-28 17:19:21,602 - __main__ - DEBUG - fish iteration 1
2024-07-28 17:19:29,177 - __main__ - DEBUG - fish iteration 2
2024-07-28 17:21:57,852 - __main__ - DEBUG - Started
2024-07-28 17:21:58,926 - __main__ - DEBUG - fish iteration 0
2024-07-28 17:22:10,860 - __main__ - DEBUG - fish iteration 1
2024-07-28 17:22:18,313 - __main__ - DEBUG - fish iteration 2
2024-07-28 17:22:51,433 - __main__ - DEBUG - x_1, y_1 = ('866', '652')
2024-07-28 17:22:56,952 - __main__ - DEBUG - fish iteration 0
2024-07-28 17:23:50,561 - __main__ - DEBUG - fish iteration 1
2024-07-28 17:23:58,850 - __main__ - DEBUG - fish iteration 2
2024-07-28 17:24:05,431 - __main__ - DEBUG - x_1, y_1 = ('892', '658')
2024-07-28 17:24:15,432 - __main__ - DEBUG - fish iteration 0
2024-07-28 17:24:23,012 - __main__ - DEBUG - fish iteration 1
2024-07-28 17:25:22,135 - __main__ - DEBUG - fish iteration 2
2024-07-28 17:25:48,233 - __main__ - DEBUG - Finished
2024-07-28 17:26:14,732 - __main__ - DEBUG - Started
2024-07-28 17:26:15,805 - __main__ - DEBUG - fish iteration 0
2024-07-28 17:26:27,496 - __main__ - DEBUG - fish iteration 1
2024-07-28 17:26:40,046 - __main__ - DEBUG - fish iteration 2
2024-07-28 17:26:46,531 - __main__ - DEBUG - x_1, y_1 = ('866', '652')
2024-07-28 17:26:54,292 - __main__ - DEBUG - fish iteration 0
2024-07-28 17:27:20,150 - __main__ - DEBUG - fish iteration 1
2024-07-28 17:27:26,753 - __main__ - DEBUG - x_1, y_1 = ('892', '658')
2024-07-28 17:27:42,309 - __main__ - DEBUG - fish iteration 0
2024-07-28 17:27:49,955 - __main__ - DEBUG - fish iteration 1
2024-07-28 17:27:59,014 - __main__ - DEBUG - fish iteration 2
2024-07-28 17:28:08,245 - __main__ - DEBUG - fish iteration 3
2024-07-28 17:30:36,338 - __main__ - DEBUG - Started
2024-07-28 17:30:36,418 - __main__ - DEBUG - x_1, y_1 = ('853', '652')
2024-07-28 17:30:45,490 - __main__ - DEBUG - x_1, y_1 = ('864', '654')
2024-07-28 17:30:55,673 - __main__ - DEBUG - x_1, y_1 = ('871', '650')
2024-07-28 17:30:57,920 - __main__ - DEBUG - Finished
2024-07-28 17:32:05,295 - __main__ - DEBUG - Started
2024-07-28 17:32:06,371 - __main__ - DEBUG - fish iteration 0
2024-07-28 17:32:18,433 - __main__ - DEBUG - fish iteration 1
2024-07-28 17:33:28,792 - __main__ - DEBUG - Started
2024-07-28 17:33:28,869 - __main__ - DEBUG - x_1, y_1 = ('855', '651')
2024-07-28 17:33:38,944 - __main__ - DEBUG - fish iteration 0
2024-07-28 17:34:17,257 - __main__ - DEBUG - fish iteration 1
2024-07-28 17:34:43,491 - __main__ - DEBUG - fish iteration 2
2024-07-28 17:35:46,935 - __main__ - DEBUG - x_1, y_1 = ('866', '652')
2024-07-28 17:35:54,816 - __main__ - DEBUG - x_1, y_1 = ('882', '652')
2024-07-28 17:36:07,015 - __main__ - DEBUG - fish iteration 0
2024-07-28 17:36:40,154 - __main__ - DEBUG - fish iteration 1
2024-07-28 17:36:50,824 - __main__ - DEBUG - fish iteration 2
2024-07-28 17:37:22,092 - __main__ - DEBUG - Finished
2024-07-28 17:40:58,249 - __main__ - DEBUG - Started
2024-07-28 17:40:58,328 - __main__ - DEBUG - x_1, y_1 = ('855', '651')
2024-07-28 17:41:09,443 - __main__ - DEBUG - fish iteration 0
2024-07-28 17:41:39,796 - __main__ - DEBUG - fish iteration 1
2024-07-28 17:41:51,157 - __main__ - DEBUG - fish iteration 2
2024-07-28 17:42:02,441 - __main__ - DEBUG - fish iteration 3
2024-07-28 17:42:32,646 - __main__ - DEBUG - fish iteration 4
2024-07-28 17:42:55,859 - __main__ - DEBUG - x_1, y_1 = ('866', '652')
2024-07-28 17:42:59,197 - __main__ - DEBUG - x_1, y_1 = ('882', '652')
2024-07-28 17:43:06,898 - __main__ - DEBUG - fish iteration 0
2024-07-28 17:43:39,502 - __main__ - DEBUG - fish iteration 1
2024-07-28 17:56:53,492 - __main__ - DEBUG - Started
2024-07-28 17:56:53,565 - __main__ - DEBUG - x_1, y_1 = ('855', '651')
2024-07-28 17:57:05,707 - __main__ - DEBUG - fish iteration 0
2024-07-28 17:57:40,281 - __main__ - DEBUG - fish iteration 1
2024-07-28 17:57:54,231 - __main__ - DEBUG - fish iteration 2
2024-07-28 17:59:04,910 - __main__ - DEBUG - Started
2024-07-28 17:59:04,982 - __main__ - DEBUG - x_1, y_1 = ('855', '651')
2024-07-28 17:59:10,525 - __main__ - DEBUG - fish iteration 0
2024-07-28 18:00:52,712 - __main__ - DEBUG - Started
2024-07-28 18:00:52,786 - __main__ - DEBUG - x_1, y_1 = ('855', '651')
2024-07-28 18:00:54,993 - __main__ - DEBUG - fish iteration 0
2024-07-28 18:02:31,158 - __main__ - DEBUG - Started
2024-07-28 18:02:31,229 - __main__ - DEBUG - x_1, y_1 = ('855', '651')
2024-07-28 18:02:33,352 - __main__ - DEBUG - fish iteration 0
2024-07-28 18:03:51,460 - __main__ - DEBUG - Started
2024-07-28 18:03:51,531 - __main__ - DEBUG - x_1, y_1 = ('855', '651')
2024-07-28 18:03:55,965 - __main__ - DEBUG - fish iteration 0
2024-07-28 18:05:39,620 - __main__ - DEBUG - Started
2024-07-28 18:05:39,695 - __main__ - DEBUG - x_1, y_1 = ('855', '651')
2024-07-28 18:05:44,133 - __main__ - DEBUG - fish iteration 0
2024-07-28 18:06:21,152 - __main__ - DEBUG - fish iteration 1
2024-07-28 18:07:57,846 - __main__ - DEBUG - Started
2024-07-28 18:07:57,919 - __main__ - DEBUG - x_1, y_1 = ('855', '651')
2024-07-28 18:08:00,044 - __main__ - DEBUG - fish iteration 0
2024-07-28 18:08:33,082 - __main__ - DEBUG - fish iteration 1
2024-07-28 18:08:40,613 - __main__ - DEBUG - fish iteration 2
2024-07-28 18:09:14,668 - __main__ - DEBUG - fish iteration 3
2024-07-28 18:09:39,275 - __main__ - DEBUG - fish iteration 4
2024-07-28 18:10:03,425 - __main__ - DEBUG - x_1, y_1 = ('866', '652')
2024-07-28 18:10:11,202 - __main__ - DEBUG - x_1, y_1 = ('882', '652')
2024-07-28 18:10:18,900 - __main__ - DEBUG - fish iteration 0
2024-07-28 18:10:46,702 - __main__ - DEBUG - fish iteration 1
2024-07-28 18:11:07,389 - __main__ - DEBUG - fish iteration 2
2024-07-28 18:12:22,848 - __main__ - DEBUG - Started
2024-07-28 18:12:22,922 - __main__ - DEBUG - x_1, y_1 = ('855', '651')
2024-07-28 18:12:31,843 - __main__ - DEBUG - fish iteration 0
2024-07-28 18:13:14,855 - __main__ - DEBUG - fish iteration 1
2024-07-28 18:14:30,660 - __main__ - DEBUG - x_1, y_1 = ('866', '652')
2024-07-28 18:14:38,541 - __main__ - DEBUG - x_1, y_1 = ('882', '652')
2024-07-28 18:14:49,581 - __main__ - DEBUG - fish iteration 0
2024-07-28 18:52:49,588 - __main__ - DEBUG - Started
2024-07-28 18:53:21,967 - __main__ - DEBUG - Started
2024-07-28 18:53:22,037 - __main__ - DEBUG - x_1, y_1 = 926, 807
2024-07-28 18:53:29,846 - __main__ - DEBUG - fish iteration 0
2024-07-28 18:54:13,173 - __main__ - DEBUG - Started
2024-07-28 18:54:13,242 - __main__ - DEBUG - x_1, y_1 = 990, 816
2024-07-28 18:54:29,049 - __main__ - DEBUG - Started
2024-07-28 18:54:29,118 - __main__ - DEBUG - x_1, y_1 = 990, 816
2024-07-28 18:54:34,697 - __main__ - DEBUG - fish iteration 0
2024-07-28 18:54:45,756 - __main__ - DEBUG - x_1, y_1 = 1001, 817
2024-07-28 18:54:46,942 - __main__ - DEBUG - x_1, y_1 = 1017, 817
2024-07-28 18:58:47,204 - __main__ - DEBUG - Started
2024-07-28 18:58:47,272 - __main__ - DEBUG - x_1, y_1 = 855, 651
2024-07-28 18:58:50,522 - __main__ - DEBUG - fish iteration 0
2024-07-28 18:59:36,098 - __main__ - DEBUG - fish iteration 1
2024-07-28 19:04:17,292 - __main__ - DEBUG - Started
2024-07-28 19:04:17,366 - __main__ - DEBUG - x_1, y_1 = 855, 651
2024-07-28 19:04:20,628 - __main__ - DEBUG - fish iteration 0
2024-07-28 19:04:58,900 - __main__ - DEBUG - fish iteration 1
2024-07-28 19:49:47,276 - __main__ - DEBUG - Started
2024-07-28 19:49:47,276 - __main__ - DEBUG - x_1, y_1 = 855, 651
2024-07-28 19:49:52,848 - __main__ - DEBUG - fish iteration 0
2024-07-28 19:53:09,850 - __main__ - DEBUG - Started
2024-07-28 19:53:09,850 - __main__ - DEBUG - x_1, y_1 = 855, 651
2024-07-28 19:53:17,658 - __main__ - DEBUG - fish iteration 0
2024-07-28 19:53:49,591 - __main__ - DEBUG - Started
2024-07-28 19:53:49,591 - __main__ - DEBUG - x_1, y_1 = 855, 651
2024-07-28 19:53:54,025 - __main__ - DEBUG - fish iteration 0
2024-07-28 19:54:27,164 - __main__ - DEBUG - fish iteration 1
2024-07-28 20:15:16,258 - __main__ - DEBUG - Started
2024-07-28 20:15:16,258 - __main__ - DEBUG - x_1, y_1 = 855, 651
2024-07-28 20:15:19,508 - __main__ - DEBUG - fish iteration 0
2024-07-28 20:15:42,091 - __main__ - DEBUG - Started
2024-07-28 20:15:42,091 - __main__ - DEBUG - x_1, y_1 = 855, 651
2024-07-28 20:15:47,656 - __main__ - DEBUG - fish iteration 0
2024-07-28 20:16:17,662 - __main__ - DEBUG - Started
2024-07-28 20:16:17,662 - __main__ - DEBUG - x_1, y_1 = 855, 651
2024-07-28 20:16:22,106 - __main__ - DEBUG - fish iteration 0
2024-07-28 20:17:10,731 - __main__ - DEBUG - Started
2024-07-28 20:17:10,731 - __main__ - DEBUG - x_1, y_1 = 855, 651
2024-07-28 20:17:18,551 - __main__ - DEBUG - fish iteration 0
2024-07-28 20:17:39,849 - __main__ - DEBUG - fish iteration 1
2024-07-28 20:18:16,317 - __main__ - DEBUG - fish iteration 2
2024-07-28 20:19:40,642 - __main__ - DEBUG - Started
2024-07-28 20:19:40,642 - __main__ - DEBUG - x_1, y_1 = 866, 652
2024-07-28 20:19:48,573 - __main__ - DEBUG - x_1, y_1 = 882, 652
2024-07-28 20:19:59,687 - __main__ - DEBUG - fish iteration 0
2024-07-28 20:20:13,582 - __main__ - DEBUG - fish iteration 1
2024-07-28 20:20:21,255 - __main__ - DEBUG - fish iteration 2
2024-07-28 20:20:42,304 - __main__ - DEBUG - fish iteration 3
2024-07-28 20:21:02,028 - __main__ - DEBUG - fish iteration 4
2024-07-28 20:21:36,351 - __main__ - DEBUG - x_1, y_1 = 866, 652
2024-07-28 20:21:45,264 - __main__ - DEBUG - x_1, y_1 = 855, 651
2024-07-28 20:21:53,054 - __main__ - DEBUG - fish iteration 0
2024-07-28 20:33:52,334 - __main__ - DEBUG - Started
2024-07-28 20:33:52,334 - __main__ - DEBUG - x_1, y_1 = 866, 652
2024-07-28 20:33:59,144 - __main__ - DEBUG - x_1, y_1 = 882, 652
2024-07-28 20:34:11,445 - __main__ - DEBUG - fish iteration 0
2024-07-28 20:35:25,276 - __main__ - DEBUG - fish iteration 1
2024-07-28 20:35:32,918 - __main__ - DEBUG - fish iteration 2
2024-07-28 20:35:46,786 - __main__ - DEBUG - x_1, y_1 = 866, 652
2024-07-28 20:35:51,241 - __main__ - DEBUG - x_1, y_1 = 855, 651
2024-07-28 20:35:59,011 - __main__ - DEBUG - fish iteration 0
2024-07-28 20:36:28,495 - __main__ - DEBUG - Finished
2024-07-28 20:46:45,794 - __main__ - DEBUG - Started
2024-07-28 20:46:45,794 - __main__ - DEBUG - x_1, y_1 = 822, 635
2024-07-28 20:46:57,975 - __main__ - DEBUG - fish iteration 0
2024-07-28 20:47:29,010 - __main__ - DEBUG - fish iteration 1
2024-07-28 20:47:52,602 - __main__ - DEBUG - x_1, y_1 = 811, 638
2024-07-28 20:47:55,948 - __main__ - DEBUG - x_1, y_1 = 800, 645
2024-07-28 20:48:03,817 - __main__ - DEBUG - x_1, y_1 = 794, 654
2024-07-28 20:48:09,354 - __main__ - DEBUG - fish iteration 0
2024-07-28 20:48:34,987 - __main__ - DEBUG - fish iteration 1
2024-07-28 20:49:28,262 - __main__ - DEBUG - fish iteration 2
2024-07-28 20:49:48,312 - __main__ - DEBUG - fish iteration 3
2024-07-28 20:55:09,633 - __main__ - DEBUG - Started
2024-07-28 20:55:09,633 - __main__ - DEBUG - x_1, y_1 = 873, 651
2024-07-28 20:55:24,188 - __main__ - DEBUG - fish iteration 0
2024-07-28 20:56:15,094 - __main__ - DEBUG - fish iteration 1
2024-07-28 20:56:49,675 - __main__ - DEBUG - x_1, y_1 = 884, 653
2024-07-28 20:56:57,574 - __main__ - DEBUG - x_1, y_1 = 896, 654
2024-07-28 20:57:01,922 - __main__ - DEBUG - fish iteration 0
2024-07-28 20:57:29,196 - __main__ - DEBUG - fish iteration 1
2024-07-28 20:57:43,891 - __main__ - DEBUG - fish iteration 2
2024-07-28 20:58:04,521 - __main__ - DEBUG - fish iteration 3
2024-07-28 20:58:11,109 - __main__ - DEBUG - x_1, y_1 = 897, 662
2024-07-28 20:58:17,892 - __main__ - DEBUG - x_1, y_1 = 906, 671
2024-07-28 20:58:28,077 - __main__ - DEBUG - x_1, y_1 = 911, 679
2024-07-28 20:58:37,144 - __main__ - DEBUG - x_1, y_1 = 919, 682
2024-07-28 20:58:44,964 - __main__ - DEBUG - fish iteration 0
2024-07-28 20:59:02,258 - __main__ - DEBUG - fish iteration 1
2024-07-28 20:59:26,538 - __main__ - DEBUG - x_1, y_1 = 915, 690
2024-07-28 20:59:34,443 - __main__ - DEBUG - x_1, y_1 = 913, 698
2024-07-28 20:59:43,334 - __main__ - DEBUG - fish iteration 0
2024-07-28 21:00:32,951 - __main__ - DEBUG - fish iteration 1
2024-07-28 21:00:56,095 - __main__ - DEBUG - x_1, y_1 = 906, 704
2024-07-28 21:01:02,871 - __main__ - DEBUG - x_1, y_1 = 897, 713
2024-07-28 21:01:11,888 - __main__ - DEBUG - x_1, y_1 = 892, 719
2024-07-28 21:01:14,081 - __main__ - DEBUG - fish iteration 0
2024-07-28 21:06:10,692 - __main__ - DEBUG - Started
2024-07-28 21:06:10,692 - __main__ - DEBUG - x_1, y_1 = 913, 698
2024-07-28 21:06:25,286 - __main__ - DEBUG - fish iteration 0
2024-07-28 21:08:43,378 - __main__ - DEBUG - Started
2024-07-28 21:08:43,378 - __main__ - DEBUG - x_1, y_1 = 873, 651
2024-07-28 21:09:12,803 - __main__ - DEBUG - Started
2024-07-28 21:09:12,803 - __main__ - DEBUG - x_1, y_1 = 873, 651
2024-07-28 21:09:33,066 - __main__ - DEBUG - fish iteration 0
2024-07-28 21:09:59,784 - __main__ - DEBUG - x_1, y_1 = 884, 653
2024-07-28 21:10:08,719 - __main__ - DEBUG - x_1, y_1 = 896, 654
2024-07-28 21:10:15,305 - __main__ - DEBUG - fish iteration 0
2024-07-28 21:10:40,825 - __main__ - DEBUG - fish iteration 1
2024-07-28 21:11:19,613 - __main__ - DEBUG - fish iteration 2
2024-07-28 21:11:47,899 - __main__ - DEBUG - fish iteration 3
2024-07-28 21:12:12,000 - __main__ - DEBUG - fish iteration 4
2024-07-28 21:12:32,510 - __main__ - DEBUG - x_1, y_1 = 897, 662
2024-07-28 21:12:38,087 - __main__ - DEBUG - x_1, y_1 = 906, 671
2024-07-28 21:12:48,231 - __main__ - DEBUG - x_1, y_1 = 911, 679
2024-07-28 21:12:55,026 - __main__ - DEBUG - x_1, y_1 = 919, 682
2024-07-28 21:13:01,627 - __main__ - DEBUG - fish iteration 0
2024-07-28 21:14:18,150 - __main__ - DEBUG - fish iteration 1
2024-07-28 21:14:26,184 - __main__ - DEBUG - x_1, y_1 = 915, 690
2024-07-28 21:14:30,654 - __main__ - DEBUG - x_1, y_1 = 913, 698
2024-07-28 21:14:38,444 - __main__ - DEBUG - fish iteration 0
2024-07-28 21:16:12,572 - __main__ - DEBUG - Started
2024-07-28 21:16:12,572 - __main__ - DEBUG - x_1, y_1 = 915, 690
2024-07-28 21:16:17,129 - __main__ - DEBUG - x_1, y_1 = 919, 682
2024-07-28 21:16:22,692 - __main__ - DEBUG - fish iteration 0
2024-07-28 21:17:26,316 - __main__ - DEBUG - x_1, y_1 = 911, 679
2024-07-28 21:17:31,911 - __main__ - DEBUG - x_1, y_1 = 906, 671
2024-07-28 21:17:39,783 - __main__ - DEBUG - x_1, y_1 = 897, 662
2024-07-28 21:17:49,841 - __main__ - DEBUG - x_1, y_1 = 896, 654
2024-07-28 21:17:56,503 - __main__ - DEBUG - fish iteration 0
2024-07-28 21:18:20,720 - __main__ - DEBUG - fish iteration 1
2024-07-28 21:18:47,396 - __main__ - DEBUG - x_1, y_1 = 884, 653
2024-07-28 21:18:56,407 - __main__ - DEBUG - x_1, y_1 = 873, 651
2024-07-28 21:19:03,109 - __main__ - DEBUG - fish iteration 0
2024-07-28 21:19:52,380 - __main__ - DEBUG - fish iteration 1
2024-07-28 21:20:21,022 - __main__ - DEBUG - fish iteration 2
2024-07-28 21:20:50,701 - __main__ - DEBUG - x_1, y_1 = 873, 651
2024-07-28 21:20:55,115 - __main__ - DEBUG - fish iteration 0
2024-07-28 21:21:35,026 - __main__ - DEBUG - fish iteration 1
2024-07-28 21:22:18,440 - __main__ - DEBUG - fish iteration 2
2024-07-28 21:22:54,856 - __main__ - DEBUG - x_1, y_1 = 884, 653
2024-07-28 21:23:03,777 - __main__ - DEBUG - x_1, y_1 = 896, 654
2024-07-28 21:23:08,128 - __main__ - DEBUG - fish iteration 0
2024-07-28 21:24:45,712 - __main__ - DEBUG - fish iteration 1
2024-07-28 21:25:10,624 - __main__ - DEBUG - x_1, y_1 = 897, 662
2024-07-28 21:25:17,398 - __main__ - DEBUG - x_1, y_1 = 906, 671
2024-07-28 21:25:28,651 - __main__ - DEBUG - x_1, y_1 = 911, 679
2024-07-28 21:25:36,564 - __main__ - DEBUG - x_1, y_1 = 919, 682
2024-07-28 21:25:44,354 - __main__ - DEBUG - fish iteration 0
2024-07-28 21:26:15,016 - __main__ - DEBUG - fish iteration 1
2024-07-28 22:16:27,004 - __main__ - DEBUG - Started
2024-07-28 22:16:27,004 - __main__ - DEBUG - x_1, y_1 = 915, 690
2024-07-28 22:16:32,702 - __main__ - DEBUG - x_1, y_1 = 919, 682
2024-07-28 22:16:39,404 - __main__ - DEBUG - fish iteration 0
2024-07-28 22:17:02,500 - __main__ - DEBUG - Started
2024-07-28 22:17:02,500 - __main__ - DEBUG - x_1, y_1 = 915, 690
2024-07-28 22:17:09,290 - __main__ - DEBUG - x_1, y_1 = 919, 682
2024-07-28 22:17:14,841 - __main__ - DEBUG - fish iteration 0
2024-07-28 22:17:29,011 - __main__ - DEBUG - fish iteration 1
2024-07-28 22:18:10,535 - __main__ - DEBUG - fish iteration 2
2024-07-28 22:18:33,461 - __main__ - DEBUG - fish iteration 3
2024-07-28 22:19:44,661 - __main__ - DEBUG - fish iteration 4
2024-07-28 22:20:27,476 - __main__ - DEBUG - x_1, y_1 = 911, 679
2024-07-28 22:20:35,238 - __main__ - DEBUG - x_1, y_1 = 906, 671
2024-07-28 22:20:43,085 - __main__ - DEBUG - x_1, y_1 = 897, 662
2024-07-28 22:20:50,986 - __main__ - DEBUG - x_1, y_1 = 896, 654
2024-07-28 22:20:58,741 - __main__ - DEBUG - fish iteration 0
2024-07-28 22:21:23,810 - __main__ - DEBUG - x_1, y_1 = 884, 653
2024-07-28 22:21:31,688 - __main__ - DEBUG - x_1, y_1 = 873, 651
2024-07-28 22:21:39,354 - __main__ - DEBUG - fish iteration 0
2024-07-28 22:22:01,597 - __main__ - DEBUG - fish iteration 1
2024-07-28 22:22:44,381 - __main__ - DEBUG - fish iteration 2
2024-07-28 22:23:10,107 - __main__ - DEBUG - fish iteration 3
2024-07-28 22:23:32,778 - __main__ - DEBUG - fish iteration 4
2024-07-28 22:23:59,929 - __main__ - DEBUG - x_1, y_1 = 873, 651
2024-07-28 22:24:02,037 - __main__ - DEBUG - fish iteration 0
2024-07-28 22:24:30,569 - __main__ - DEBUG - x_1, y_1 = 884, 653
2024-07-28 22:24:38,349 - __main__ - DEBUG - x_1, y_1 = 896, 654
2024-07-28 22:24:44,891 - __main__ - DEBUG - fish iteration 0
2024-07-28 22:25:25,594 - __main__ - DEBUG - fish iteration 1
2024-07-28 22:25:51,084 - __main__ - DEBUG - fish iteration 2
2024-07-28 22:26:32,443 - __main__ - DEBUG - fish iteration 3
2024-07-28 22:26:48,047 - __main__ - DEBUG - x_1, y_1 = 897, 662
2024-07-28 22:26:52,567 - __main__ - DEBUG - x_1, y_1 = 906, 671
2024-07-28 22:27:02,660 - __main__ - DEBUG - x_1, y_1 = 911, 679
2024-07-28 22:27:11,668 - __main__ - DEBUG - x_1, y_1 = 919, 682
2024-07-28 22:27:19,375 - __main__ - DEBUG - fish iteration 0
2024-07-28 22:29:49,019 - __main__ - DEBUG - x_1, y_1 = 915, 690
2024-07-28 22:31:44,880 - __main__ - DEBUG - Started
2024-07-28 22:31:44,880 - __main__ - DEBUG - x_1, y_1 = 915, 690
2024-07-28 22:31:46,088 - __main__ - DEBUG - x_1, y_1 = 919, 682
2024-07-28 22:31:59,193 - __main__ - DEBUG - Started
2024-07-28 22:31:59,193 - __main__ - DEBUG - x_1, y_1 = 915, 690
2024-07-28 22:32:03,775 - __main__ - DEBUG - x_1, y_1 = 919, 682
2024-07-28 22:32:09,334 - __main__ - DEBUG - fish iteration 0
2024-07-28 22:32:31,670 - __main__ - DEBUG - fish iteration 1
2024-07-28 22:32:40,836 - __main__ - DEBUG - fish iteration 2
2024-07-28 22:32:48,009 - __main__ - DEBUG - x_1, y_1 = 911, 679
2024-07-28 22:32:55,855 - __main__ - DEBUG - x_1, y_1 = 906, 671
2024-07-28 22:33:02,623 - __main__ - DEBUG - x_1, y_1 = 897, 662
2024-07-28 22:33:10,463 - __main__ - DEBUG - x_1, y_1 = 896, 654
2024-07-28 22:33:17,086 - __main__ - DEBUG - fish iteration 0
2024-07-28 22:33:36,944 - __main__ - DEBUG - x_1, y_1 = 884, 653
2024-07-28 22:33:43,613 - __main__ - DEBUG - x_1, y_1 = 873, 651
2024-07-28 22:33:53,618 - __main__ - DEBUG - fish iteration 0
2024-07-28 22:34:11,562 - __main__ - DEBUG - x_1, y_1 = 873, 651
2024-07-28 22:34:13,757 - __main__ - DEBUG - fish iteration 0
2024-07-28 22:34:31,360 - __main__ - DEBUG - x_1, y_1 = 884, 653
2024-07-28 22:34:41,429 - __main__ - DEBUG - x_1, y_1 = 896, 654
2024-07-28 22:34:45,765 - __main__ - DEBUG - fish iteration 0
2024-07-28 22:35:12,370 - __main__ - DEBUG - fish iteration 1
2024-07-28 22:35:34,569 - __main__ - DEBUG - x_1, y_1 = 897, 662
2024-07-28 22:35:42,450 - __main__ - DEBUG - x_1, y_1 = 906, 671
2024-07-28 22:35:50,337 - __main__ - DEBUG - x_1, y_1 = 911, 679
2024-07-28 22:36:00,486 - __main__ - DEBUG - x_1, y_1 = 919, 682
2024-07-28 22:36:04,910 - __main__ - DEBUG - fish iteration 0
2024-07-28 22:36:11,283 - __main__ - DEBUG - fish iteration 1
2024-07-28 22:36:17,518 - __main__ - DEBUG - fish iteration 2
2024-07-28 22:36:24,194 - __main__ - DEBUG - fish iteration 3
2024-07-28 22:36:29,857 - __main__ - DEBUG - x_1, y_1 = 915, 690
2024-07-28 22:36:35,394 - __main__ - DEBUG - x_1, y_1 = 913, 698
2024-07-28 22:36:44,237 - __main__ - DEBUG - fish iteration 0
2024-07-28 22:37:25,914 - __main__ - DEBUG - fish iteration 1
2024-07-28 22:37:47,774 - __main__ - DEBUG - fish iteration 2
2024-07-28 22:38:11,128 - __main__ - DEBUG - fish iteration 3
2024-07-28 22:38:34,241 - __main__ - DEBUG - x_1, y_1 = 915, 690
2024-07-28 22:38:38,778 - __main__ - DEBUG - x_1, y_1 = 919, 682
2024-07-28 22:38:42,013 - __main__ - DEBUG - fish iteration 0
2024-07-28 22:39:29,403 - __main__ - DEBUG - fish iteration 1
2024-07-28 22:39:47,657 - __main__ - DEBUG - fish iteration 2
2024-07-28 22:39:59,200 - __main__ - DEBUG - fish iteration 3
2024-07-28 22:40:16,139 - __main__ - DEBUG - x_1, y_1 = 911, 679
2024-07-28 22:40:21,717 - __main__ - DEBUG - x_1, y_1 = 906, 671
2024-07-28 22:40:28,419 - __main__ - DEBUG - x_1, y_1 = 897, 662
2024-07-28 22:40:36,321 - __main__ - DEBUG - x_1, y_1 = 896, 654
2024-07-28 22:40:41,872 - __main__ - DEBUG - fish iteration 0
2024-07-28 22:41:45,271 - __main__ - DEBUG - x_1, y_1 = 884, 653
2024-07-28 22:43:24,790 - __main__ - DEBUG - Started
2024-07-28 22:43:24,790 - __main__ - DEBUG - x_1, y_1 = 915, 690
2024-07-28 22:43:39,386 - __main__ - DEBUG - x_1, y_1 = 919, 682
2024-07-28 22:43:44,958 - __main__ - DEBUG - fish iteration 0
2024-07-28 22:44:14,803 - __main__ - DEBUG - fish iteration 1
2024-07-28 22:46:25,402 - __main__ - DEBUG - Started
2024-07-28 22:46:25,402 - __main__ - DEBUG - x_1, y_1 = 915, 690
2024-07-28 22:46:33,305 - __main__ - DEBUG - x_1, y_1 = 919, 682
2024-07-28 22:46:38,863 - __main__ - DEBUG - fish iteration 0
2024-07-28 22:46:50,495 - __main__ - DEBUG - fish iteration 1
2024-07-28 22:46:56,861 - __main__ - DEBUG - fish iteration 2
2024-07-28 22:47:03,974 - __main__ - DEBUG - fish iteration 3
2024-07-28 22:47:10,135 - __main__ - DEBUG - fish iteration 4
2024-07-28 22:47:15,312 - __main__ - DEBUG - x_1, y_1 = 911, 679
2024-07-28 22:47:23,160 - __main__ - DEBUG - x_1, y_1 = 906, 671
2024-07-28 22:47:28,810 - __main__ - DEBUG - x_1, y_1 = 897, 662
2024-07-28 22:47:36,653 - __main__ - DEBUG - x_1, y_1 = 896, 654
2024-07-28 22:47:43,290 - __main__ - DEBUG - fish iteration 0
2024-07-28 22:48:24,217 - __main__ - DEBUG - fish iteration 1
2024-07-28 22:50:47,584 - __main__ - DEBUG - Started
2024-07-28 22:50:47,584 - __main__ - DEBUG - x_1, y_1 = 873, 651
2024-07-28 22:51:03,217 - __main__ - DEBUG - fish iteration 0
2024-07-28 22:51:35,303 - __main__ - DEBUG - fish iteration 1
2024-07-28 22:51:50,519 - __main__ - DEBUG - fish iteration 2
2024-07-28 22:51:57,154 - __main__ - DEBUG - x_1, y_1 = 884, 653
2024-07-28 22:51:58,338 - __main__ - DEBUG - x_1, y_1 = 896, 654
2024-07-28 22:52:05,998 - __main__ - DEBUG - fish iteration 0
2024-07-28 22:52:25,247 - __main__ - DEBUG - x_1, y_1 = 897, 662
2024-07-28 22:52:31,993 - __main__ - DEBUG - x_1, y_1 = 906, 671
2024-07-28 22:52:43,201 - __main__ - DEBUG - x_1, y_1 = 911, 679
2024-07-28 22:52:48,776 - __main__ - DEBUG - x_1, y_1 = 919, 682
2024-07-28 22:52:55,344 - __main__ - DEBUG - fish iteration 0
2024-07-28 22:58:02,699 - __main__ - DEBUG - Started
2024-07-28 22:58:02,699 - __main__ - DEBUG - x_1, y_1 = 873, 651
2024-07-28 22:58:21,693 - __main__ - DEBUG - fish iteration 0
2024-07-28 22:58:37,863 - __main__ - DEBUG - x_1, y_1 = 884, 653
2024-07-28 23:00:45,122 - __main__ - DEBUG - Started
2024-07-28 23:00:45,122 - __main__ - DEBUG - x_1, y_1 = 873, 651
2024-07-28 23:00:57,317 - __main__ - DEBUG - fish iteration 0
2024-07-28 23:01:38,540 - __main__ - DEBUG - fish iteration 1
2024-07-28 23:02:19,432 - __main__ - DEBUG - fish iteration 2
2024-07-28 23:03:04,340 - __main__ - DEBUG - x_1, y_1 = 884, 653
2024-07-28 23:03:08,871 - __main__ - DEBUG - x_1, y_1 = 896, 654
2024-07-28 23:03:15,448 - __main__ - DEBUG - fish iteration 0
2024-07-28 23:03:55,676 - __main__ - DEBUG - fish iteration 1
2024-07-28 23:04:03,497 - __main__ - DEBUG - fish iteration 2
2024-07-28 23:04:10,960 - __main__ - DEBUG - fish iteration 3
2024-07-28 23:05:11,808 - __main__ - DEBUG - fish iteration 4
2024-07-28 23:05:40,354 - __main__ - DEBUG - x_1, y_1 = 897, 662
2024-07-28 23:05:45,904 - __main__ - DEBUG - x_1, y_1 = 906, 671
2024-07-28 23:05:55,993 - __main__ - DEBUG - x_1, y_1 = 911, 679
2024-07-28 23:06:04,989 - __main__ - DEBUG - x_1, y_1 = 919, 682
2024-07-28 23:06:11,556 - __main__ - DEBUG - fish iteration 0
2024-07-28 23:06:19,295 - __main__ - DEBUG - fish iteration 1
2024-07-28 23:06:28,694 - __main__ - DEBUG - fish iteration 2
2024-07-28 23:06:36,488 - __main__ - DEBUG - fish iteration 3
2024-07-28 23:07:20,373 - __main__ - DEBUG - fish iteration 4
2024-07-28 23:08:01,203 - __main__ - DEBUG - x_1, y_1 = 915, 690
2024-07-28 23:08:09,069 - __main__ - DEBUG - x_1, y_1 = 913, 698
2024-07-28 23:08:14,612 - __main__ - DEBUG - fish iteration 0
2024-07-28 23:08:21,202 - __main__ - DEBUG - x_1, y_1 = 915, 690
2024-07-28 23:08:27,883 - __main__ - DEBUG - x_1, y_1 = 919, 682
2024-07-28 23:08:34,548 - __main__ - DEBUG - fish iteration 0
2024-07-28 23:09:04,486 - __main__ - DEBUG - fish iteration 1
2024-07-28 23:09:44,544 - __main__ - DEBUG - fish iteration 2
2024-07-28 23:10:01,722 - __main__ - DEBUG - fish iteration 3
2024-07-28 23:10:08,640 - __main__ - DEBUG - fish iteration 4
2024-07-28 23:10:47,863 - __main__ - DEBUG - x_1, y_1 = 911, 679
2024-07-28 23:10:55,669 - __main__ - DEBUG - x_1, y_1 = 906, 671
2024-07-28 23:11:02,454 - __main__ - DEBUG - x_1, y_1 = 897, 662
2024-07-29 10:15:51,064 - __main__ - DEBUG - Started
2024-07-29 10:15:51,065 - __main__ - DEBUG - x_1, y_1 = 873, 651
2024-07-29 10:16:04,451 - __main__ - DEBUG - fish iteration 0
2024-07-29 10:16:23,479 - __main__ - DEBUG - x_1, y_1 = 884, 653
2024-07-29 10:16:31,325 - __main__ - DEBUG - x_1, y_1 = 896, 654
2024-07-29 10:16:37,884 - __main__ - DEBUG - fish iteration 0
2024-07-29 10:17:05,117 - __main__ - DEBUG - fish iteration 1
2024-07-29 10:17:26,701 - __main__ - DEBUG - fish iteration 2
2024-07-29 10:17:35,982 - __main__ - DEBUG - x_1, y_1 = 897, 662
2024-07-29 10:17:38,300 - __main__ - DEBUG - x_1, y_1 = 906, 671
2024-07-29 10:17:40,612 - __main__ - DEBUG - x_1, y_1 = 911, 679
2024-07-29 10:17:54,074 - __main__ - DEBUG - x_1, y_1 = 919, 682
2024-07-29 10:18:02,869 - __main__ - DEBUG - fish iteration 0
2024-07-29 10:18:22,353 - __main__ - DEBUG - fish iteration 1
2024-07-29 10:18:59,015 - __main__ - DEBUG - fish iteration 2
2024-07-29 10:19:26,481 - __main__ - DEBUG - fish iteration 3
2024-07-29 10:19:43,647 - __main__ - DEBUG - x_1, y_1 = 915, 690
2024-07-29 10:19:51,527 - __main__ - DEBUG - x_1, y_1 = 913, 698
2024-07-29 10:20:00,393 - __main__ - DEBUG - fish iteration 0
2024-07-29 10:20:22,660 - __main__ - DEBUG - x_1, y_1 = 915, 690
2024-07-29 10:20:28,312 - __main__ - DEBUG - x_1, y_1 = 919, 682
2024-07-29 10:20:33,848 - __main__ - DEBUG - fish iteration 0
2024-07-29 10:20:52,882 - __main__ - DEBUG - fish iteration 1
2024-07-29 10:21:17,925 - __main__ - DEBUG - fish iteration 2
2024-07-29 10:21:47,460 - __main__ - DEBUG - x_1, y_1 = 911, 679
2024-07-29 10:21:56,404 - __main__ - DEBUG - x_1, y_1 = 906, 671
2024-07-29 10:22:02,071 - __main__ - DEBUG - x_1, y_1 = 897, 662
2024-07-29 10:22:08,782 - __main__ - DEBUG - x_1, y_1 = 896, 654
2024-07-29 10:22:15,457 - __main__ - DEBUG - fish iteration 0
2024-07-29 10:22:32,652 - __main__ - DEBUG - fish iteration 1
2024-07-29 10:22:40,323 - __main__ - DEBUG - fish iteration 2
2024-07-29 10:22:57,124 - __main__ - DEBUG - fish iteration 3
2024-07-29 10:23:23,361 - __main__ - DEBUG - fish iteration 4
2024-07-29 10:23:38,990 - __main__ - DEBUG - x_1, y_1 = 884, 653
2024-07-29 10:23:42,342 - __main__ - DEBUG - x_1, y_1 = 873, 651
2024-07-29 10:23:52,281 - __main__ - DEBUG - fish iteration 0
2024-07-29 10:24:07,457 - __main__ - DEBUG - fish iteration 1
2024-07-29 10:24:14,186 - __main__ - DEBUG - x_1, y_1 = 915, 690
2024-07-29 10:24:26,579 - __main__ - DEBUG - x_1, y_1 = 919, 682
2024-07-29 10:24:39,971 - __main__ - DEBUG - fish iteration 0
2024-07-29 10:24:59,001 - __main__ - DEBUG - fish iteration 1
2024-07-29 10:25:22,578 - __main__ - DEBUG - fish iteration 2
2024-07-29 10:25:30,378 - __main__ - DEBUG - fish iteration 3
2024-07-29 10:26:17,879 - __main__ - DEBUG - x_1, y_1 = 911, 679
2024-07-29 10:26:24,659 - __main__ - DEBUG - x_1, y_1 = 906, 671
2024-07-29 10:26:25,860 - __main__ - DEBUG - x_1, y_1 = 897, 662
2024-07-29 10:26:34,794 - __main__ - DEBUG - x_1, y_1 = 896, 654
2024-07-29 10:26:39,144 - __main__ - DEBUG - fish iteration 0
2024-07-29 10:27:07,457 - __main__ - DEBUG - fish iteration 1
2024-07-29 10:27:25,277 - __main__ - DEBUG - fish iteration 2
2024-07-29 10:27:58,292 - __main__ - DEBUG - fish iteration 3
2024-07-29 10:28:21,228 - __main__ - DEBUG - x_1, y_1 = 884, 653
2024-07-29 10:28:32,397 - __main__ - DEBUG - x_1, y_1 = 873, 651
2024-07-29 10:28:42,330 - __main__ - DEBUG - fish iteration 0
2024-07-29 10:28:57,549 - __main__ - DEBUG - fish iteration 1
2024-07-29 10:29:05,307 - __main__ - DEBUG - fish iteration 2
2024-07-29 10:29:20,933 - __main__ - DEBUG - fish iteration 3
2024-07-29 10:29:28,684 - __main__ - DEBUG - fish iteration 4
2024-07-29 10:29:54,329 - __main__ - DEBUG - Finished
2024-07-29 10:36:19,629 - __main__ - DEBUG - Started
2024-07-29 10:36:19,629 - __main__ - DEBUG - x_1, y_1 = 873, 651
2024-07-29 10:36:21,758 - __main__ - DEBUG - fish iteration 0
2024-07-29 10:36:32,771 - __main__ - DEBUG - fish iteration 1
2024-07-29 10:36:44,049 - __main__ - DEBUG - fish iteration 2
2024-07-29 10:36:51,814 - __main__ - DEBUG - fish iteration 3
2024-07-29 10:37:17,020 - __main__ - DEBUG - x_1, y_1 = 884, 653
2024-07-29 10:37:27,107 - __main__ - DEBUG - x_1, y_1 = 896, 654
2024-07-29 10:37:33,674 - __main__ - DEBUG - fish iteration 0
2024-07-29 10:37:49,989 - __main__ - DEBUG - fish iteration 1
2024-07-29 10:38:12,544 - __main__ - DEBUG - fish iteration 2
2024-07-29 10:38:38,966 - __main__ - DEBUG - x_1, y_1 = 897, 662
2024-07-29 10:38:44,515 - __main__ - DEBUG - x_1, y_1 = 906, 671
2024-07-29 10:38:54,573 - __main__ - DEBUG - x_1, y_1 = 911, 679
2024-07-29 10:39:01,225 - __main__ - DEBUG - x_1, y_1 = 919, 682
2024-07-29 10:39:09,990 - __main__ - DEBUG - fish iteration 0
2024-07-29 10:39:35,933 - __main__ - DEBUG - fish iteration 1
2024-07-29 10:39:56,436 - __main__ - DEBUG - fish iteration 2
2024-07-29 10:40:03,152 - __main__ - DEBUG - x_1, y_1 = 915, 690
2024-07-29 10:40:07,589 - __main__ - DEBUG - x_1, y_1 = 913, 698
2024-07-29 10:40:13,104 - __main__ - DEBUG - fish iteration 0
2024-07-29 10:40:31,053 - __main__ - DEBUG - fish iteration 1
2024-07-29 10:40:57,993 - __main__ - DEBUG - x_1, y_1 = 915, 690
2024-07-29 10:41:03,609 - __main__ - DEBUG - x_1, y_1 = 919, 682
2024-07-29 10:41:06,828 - __main__ - DEBUG - fish iteration 0
2024-07-29 10:41:31,157 - __main__ - DEBUG - fish iteration 1
2024-07-29 10:42:01,100 - __main__ - DEBUG - fish iteration 2
2024-07-29 10:42:32,575 - __main__ - DEBUG - fish iteration 3
2024-07-29 10:43:01,305 - __main__ - DEBUG - fish iteration 4
2024-07-29 10:43:39,474 - __main__ - DEBUG - x_1, y_1 = 911, 679
2024-07-29 10:43:48,357 - __main__ - DEBUG - x_1, y_1 = 906, 671
2024-07-29 10:43:55,108 - __main__ - DEBUG - x_1, y_1 = 897, 662
2024-07-29 10:44:02,980 - __main__ - DEBUG - x_1, y_1 = 896, 654
2024-07-29 10:44:09,630 - __main__ - DEBUG - fish iteration 0
2024-07-29 10:44:27,193 - __main__ - DEBUG - fish iteration 1
2024-07-29 10:44:49,984 - __main__ - DEBUG - x_1, y_1 = 884, 653
2024-07-29 10:44:53,388 - __main__ - DEBUG - x_1, y_1 = 873, 651
2024-07-29 10:45:05,480 - __main__ - DEBUG - fish iteration 0
2024-07-29 10:45:34,577 - __main__ - DEBUG - fish iteration 1
2024-07-29 10:46:09,061 - __main__ - DEBUG - x_1, y_1 = 915, 690
2024-07-29 10:46:21,390 - __main__ - DEBUG - x_1, y_1 = 919, 682
2024-07-29 10:46:33,505 - __main__ - DEBUG - fish iteration 0
2024-07-29 10:47:02,286 - __main__ - DEBUG - fish iteration 1
2024-07-29 10:47:13,473 - __main__ - DEBUG - fish iteration 2
2024-07-29 10:47:32,018 - __main__ - DEBUG - x_1, y_1 = 911, 679
2024-07-29 10:47:40,938 - __main__ - DEBUG - x_1, y_1 = 906, 671
2024-07-29 10:47:47,639 - __main__ - DEBUG - x_1, y_1 = 897, 662
2024-07-29 10:47:55,518 - __main__ - DEBUG - x_1, y_1 = 896, 654
2024-07-29 10:48:02,173 - __main__ - DEBUG - fish iteration 0
2024-07-29 10:48:27,870 - __main__ - DEBUG - fish iteration 1
2024-07-29 10:48:46,936 - __main__ - DEBUG - x_1, y_1 = 884, 653
2024-07-29 10:48:55,916 - __main__ - DEBUG - x_1, y_1 = 873, 651
2024-07-29 10:49:00,252 - __main__ - DEBUG - fish iteration 0
2024-07-29 10:49:31,955 - __main__ - DEBUG - fish iteration 1
2024-07-29 10:50:04,793 - __main__ - DEBUG - fish iteration 2
2024-07-29 10:50:27,763 - __main__ - DEBUG - Finished
2024-07-29 11:09:11,794 - __main__ - DEBUG - Started
2024-07-29 11:09:11,794 - __main__ - DEBUG - x_1, y_1 = 873, 651
2024-07-29 11:09:17,363 - __main__ - DEBUG - fish iteration 0
2024-07-29 11:09:30,202 - __main__ - DEBUG - Started
2024-07-29 11:09:30,203 - __main__ - DEBUG - x_1, y_1 = 873, 651
2024-07-29 11:09:45,769 - __main__ - DEBUG - fish iteration 0
2024-07-29 11:09:58,760 - __main__ - DEBUG - fish iteration 1
2024-07-29 11:10:16,047 - __main__ - DEBUG - fish iteration 2
2024-07-29 11:10:42,890 - __main__ - DEBUG - fish iteration 3
2024-07-29 11:11:09,885 - __main__ - DEBUG - fish iteration 4
2024-07-29 11:11:35,611 - __main__ - DEBUG - x_1, y_1 = 884, 653
2024-07-29 11:11:44,544 - __main__ - DEBUG - x_1, y_1 = 896, 654
2024-07-29 11:11:48,888 - __main__ - DEBUG - fish iteration 0
2024-07-29 11:12:16,178 - __main__ - DEBUG - fish iteration 1
2024-07-29 11:12:23,916 - __main__ - DEBUG - fish iteration 2
2024-07-29 11:12:30,652 - __main__ - DEBUG - x_1, y_1 = 897, 662
2024-07-29 11:12:37,430 - __main__ - DEBUG - x_1, y_1 = 906, 671
2024-07-29 11:12:46,360 - __main__ - DEBUG - x_1, y_1 = 911, 679
2024-07-29 11:12:55,355 - __main__ - DEBUG - x_1, y_1 = 919, 682
2024-07-29 11:13:06,471 - __main__ - DEBUG - fish iteration 0
2024-07-29 11:13:16,734 - __main__ - DEBUG - fish iteration 1
2024-07-29 11:13:25,449 - __main__ - DEBUG - fish iteration 2
2024-07-29 11:13:46,000 - __main__ - DEBUG - fish iteration 3
2024-07-29 11:14:08,517 - __main__ - DEBUG - fish iteration 4
2024-07-29 11:14:32,134 - __main__ - DEBUG - x_1, y_1 = 915, 690
2024-07-29 11:14:35,466 - __main__ - DEBUG - x_1, y_1 = 913, 698
2024-07-29 11:14:43,205 - __main__ - DEBUG - fish iteration 0
2024-07-29 11:15:03,794 - __main__ - DEBUG - x_1, y_1 = 915, 690
2024-07-29 11:15:08,314 - __main__ - DEBUG - x_1, y_1 = 919, 682
2024-07-29 11:15:11,539 - __main__ - DEBUG - fish iteration 0
2024-07-29 11:15:38,198 - __main__ - DEBUG - x_1, y_1 = 911, 679
2024-07-29 11:15:42,665 - __main__ - DEBUG - x_1, y_1 = 906, 671
2024-07-29 11:15:49,363 - __main__ - DEBUG - x_1, y_1 = 897, 662
2024-07-29 11:15:57,242 - __main__ - DEBUG - x_1, y_1 = 896, 654
2024-07-29 11:16:05,001 - __main__ - DEBUG - fish iteration 0
2024-07-29 11:16:39,536 - __main__ - DEBUG - fish iteration 1
2024-07-29 11:17:06,875 - __main__ - DEBUG - fish iteration 2
2024-07-29 11:17:36,984 - __main__ - DEBUG - fish iteration 3
2024-07-29 11:18:07,072 - __main__ - DEBUG - x_1, y_1 = 884, 653
2024-07-29 11:18:14,964 - __main__ - DEBUG - x_1, y_1 = 873, 651
2024-07-29 11:18:22,744 - __main__ - DEBUG - fish iteration 0
2024-07-29 11:18:51,517 - __main__ - DEBUG - fish iteration 1
2024-07-29 11:19:24,668 - __main__ - DEBUG - fish iteration 2
2024-07-29 11:19:58,305 - __main__ - DEBUG - fish iteration 3
2024-07-29 11:20:27,864 - __main__ - DEBUG - x_1, y_1 = 915, 690
2024-07-29 11:20:40,213 - __main__ - DEBUG - x_1, y_1 = 919, 682
2024-07-29 11:20:42,405 - __main__ - DEBUG - fish iteration 0
2024-07-29 11:20:49,792 - __main__ - DEBUG - fish iteration 1
2024-07-29 11:20:57,596 - __main__ - DEBUG - fish iteration 2
2024-07-29 11:21:05,320 - __main__ - DEBUG - fish iteration 3
2024-07-29 11:21:12,161 - __main__ - DEBUG - x_1, y_1 = 911, 679
2024-07-29 11:21:15,578 - __main__ - DEBUG - x_1, y_1 = 906, 671
2024-07-29 11:21:25,664 - __main__ - DEBUG - x_1, y_1 = 897, 662
2024-07-29 11:21:33,541 - __main__ - DEBUG - x_1, y_1 = 896, 654
2024-07-29 11:21:40,178 - __main__ - DEBUG - fish iteration 0
2024-07-29 11:22:25,225 - __main__ - DEBUG - fish iteration 1
2024-07-29 11:22:50,552 - __main__ - DEBUG - x_1, y_1 = 884, 653
2024-07-29 11:23:00,602 - __main__ - DEBUG - x_1, y_1 = 873, 651
2024-07-29 11:23:08,317 - __main__ - DEBUG - fish iteration 0
2024-07-29 11:23:30,090 - __main__ - DEBUG - fish iteration 1
2024-07-29 11:23:53,789 - __main__ - DEBUG - fish iteration 2
2024-07-29 11:24:09,755 - __main__ - DEBUG - fish iteration 3
2024-07-29 11:24:34,034 - __main__ - DEBUG - fish iteration 4
2024-07-29 11:24:55,707 - __main__ - DEBUG - Finished
2024-07-29 11:26:39,772 - __main__ - DEBUG - Started
2024-07-29 11:26:39,773 - __main__ - DEBUG - x_1, y_1 = 873, 651
2024-07-29 11:26:41,899 - __main__ - DEBUG - fish iteration 0
2024-07-29 11:26:51,885 - __main__ - DEBUG - fish iteration 1
2024-07-29 11:27:17,436 - __main__ - DEBUG - fish iteration 2
2024-07-29 11:27:38,077 - __main__ - DEBUG - fish iteration 3
2024-07-29 11:28:12,393 - __main__ - DEBUG - x_1, y_1 = 884, 653
2024-07-29 11:28:16,913 - __main__ - DEBUG - x_1, y_1 = 896, 654
2024-07-29 11:28:21,240 - __main__ - DEBUG - fish iteration 0
2024-07-29 11:28:37,834 - __main__ - DEBUG - fish iteration 1
2024-07-29 11:29:00,710 - __main__ - DEBUG - fish iteration 2
2024-07-29 11:29:48,523 - __main__ - DEBUG - fish iteration 3
2024-07-29 11:30:17,241 - __main__ - DEBUG - fish iteration 4
2024-07-29 11:30:54,282 - __main__ - DEBUG - x_1, y_1 = 897, 662
2024-07-29 11:31:01,057 - __main__ - DEBUG - x_1, y_1 = 906, 671
2024-07-29 11:31:11,175 - __main__ - DEBUG - x_1, y_1 = 911, 679
2024-07-29 11:31:16,761 - __main__ - DEBUG - x_1, y_1 = 919, 682
2024-07-29 11:31:22,229 - __main__ - DEBUG - fish iteration 0
2024-07-29 11:31:49,277 - __main__ - DEBUG - fish iteration 1
2024-07-29 11:32:12,132 - __main__ - DEBUG - fish iteration 2
2024-07-29 11:32:19,835 - __main__ - DEBUG - fish iteration 3
2024-07-29 11:33:05,088 - __main__ - DEBUG - fish iteration 4
2024-07-29 11:33:36,237 - __main__ - DEBUG - x_1, y_1 = 915, 690
2024-07-29 11:33:40,776 - __main__ - DEBUG - x_1, y_1 = 913, 698
2024-07-29 11:33:42,967 - __main__ - DEBUG - fish iteration 0
2024-07-29 11:34:13,115 - __main__ - DEBUG - fish iteration 1
2024-07-29 11:34:42,252 - __main__ - DEBUG - x_1, y_1 = 915, 690
2024-07-29 11:34:51,185 - __main__ - DEBUG - x_1, y_1 = 919, 682
2024-07-29 11:34:56,738 - __main__ - DEBUG - fish iteration 0
2024-07-29 11:35:03,265 - __main__ - DEBUG - x_1, y_1 = 911, 679
2024-07-29 11:35:11,170 - __main__ - DEBUG - x_1, y_1 = 906, 671
2024-07-29 11:35:16,833 - __main__ - DEBUG - x_1, y_1 = 897, 662
2024-07-29 11:35:24,657 - __main__ - DEBUG - x_1, y_1 = 896, 654
2024-07-29 11:35:30,207 - __main__ - DEBUG - fish iteration 0
2024-07-29 11:35:56,831 - __main__ - DEBUG - x_1, y_1 = 884, 653
2024-07-29 11:36:00,271 - __main__ - DEBUG - x_1, y_1 = 873, 651
2024-07-29 11:36:12,540 - __main__ - DEBUG - fish iteration 0
2024-07-29 11:36:28,610 - __main__ - DEBUG - fish iteration 1
2024-07-29 11:37:00,511 - __main__ - DEBUG - x_1, y_1 = 884, 653
2024-07-29 11:37:09,441 - __main__ - DEBUG - x_1, y_1 = 896, 654
2024-07-29 11:37:16,024 - __main__ - DEBUG - fish iteration 0
2024-07-29 11:37:23,803 - __main__ - DEBUG - fish iteration 1
2024-07-29 11:37:31,611 - __main__ - DEBUG - fish iteration 2
2024-07-29 11:38:12,161 - __main__ - DEBUG - fish iteration 3
2024-07-29 11:38:42,792 - __main__ - DEBUG - fish iteration 4
2024-07-29 11:39:15,728 - __main__ - DEBUG - x_1, y_1 = 897, 662
2024-07-29 11:39:20,283 - __main__ - DEBUG - x_1, y_1 = 906, 671
2024-07-29 11:39:30,446 - __main__ - DEBUG - x_1, y_1 = 911, 679
2024-07-29 11:39:39,477 - __main__ - DEBUG - x_1, y_1 = 919, 682
2024-07-29 11:39:45,028 - __main__ - DEBUG - fish iteration 0
2024-07-29 11:39:52,799 - __main__ - DEBUG - fish iteration 1
2024-07-29 11:40:02,492 - __main__ - DEBUG - fish iteration 2
2024-07-29 11:41:54,436 - __main__ - DEBUG - fish iteration 3
2024-07-29 11:42:09,777 - __main__ - DEBUG - fish iteration 4
2024-07-29 11:42:35,280 - __main__ - DEBUG - x_1, y_1 = 915, 690
2024-07-29 11:42:39,831 - __main__ - DEBUG - x_1, y_1 = 913, 698
2024-07-29 11:42:48,727 - __main__ - DEBUG - fish iteration 0
2024-07-29 11:43:22,699 - __main__ - DEBUG - fish iteration 1
2024-07-29 11:43:43,226 - __main__ - DEBUG - fish iteration 2
2024-07-29 11:44:02,395 - __main__ - DEBUG - x_1, y_1 = 915, 690
2024-07-29 11:44:06,928 - __main__ - DEBUG - x_1, y_1 = 919, 682
2024-07-29 11:44:12,467 - __main__ - DEBUG - fish iteration 0
2024-07-29 11:44:27,565 - __main__ - DEBUG - fish iteration 1
2024-07-29 11:44:49,935 - __main__ - DEBUG - x_1, y_1 = 911, 679
2024-07-29 11:44:57,754 - __main__ - DEBUG - x_1, y_1 = 906, 671
2024-07-29 11:45:04,535 - __main__ - DEBUG - x_1, y_1 = 897, 662
2024-07-29 11:45:12,436 - __main__ - DEBUG - x_1, y_1 = 896, 654
2024-07-29 11:45:19,102 - __main__ - DEBUG - fish iteration 0
2024-07-29 11:45:43,828 - __main__ - DEBUG - fish iteration 1
2024-07-29 11:45:53,841 - __main__ - DEBUG - x_1, y_1 = 884, 653
2024-07-29 11:46:02,847 - __main__ - DEBUG - x_1, y_1 = 873, 651
2024-07-29 11:46:13,889 - __main__ - DEBUG - fish iteration 0
2024-07-29 11:46:22,095 - __main__ - DEBUG - x_1, y_1 = 884, 653
2024-07-29 11:46:31,019 - __main__ - DEBUG - x_1, y_1 = 896, 654
2024-07-29 11:46:37,683 - __main__ - DEBUG - fish iteration 0
2024-07-29 11:47:04,836 - __main__ - DEBUG - fish iteration 1
2024-07-29 11:47:28,923 - __main__ - DEBUG - fish iteration 2
2024-07-29 11:47:47,567 - __main__ - DEBUG - x_1, y_1 = 897, 662
2024-07-29 11:47:53,159 - __main__ - DEBUG - x_1, y_1 = 906, 671
2024-07-29 11:48:03,209 - __main__ - DEBUG - x_1, y_1 = 911, 679
2024-07-29 11:48:12,222 - __main__ - DEBUG - x_1, y_1 = 919, 682
2024-07-29 11:48:16,651 - __main__ - DEBUG - fish iteration 0
2024-07-29 11:48:24,156 - __main__ - DEBUG - fish iteration 1
2024-07-29 11:48:33,668 - __main__ - DEBUG - fish iteration 2
2024-07-29 11:48:40,425 - __main__ - DEBUG - x_1, y_1 = 915, 690
2024-07-29 11:48:44,972 - __main__ - DEBUG - x_1, y_1 = 913, 698
2024-07-29 11:48:53,875 - __main__ - DEBUG - fish iteration 0
2024-07-29 11:49:39,335 - __main__ - DEBUG - fish iteration 1
2024-07-29 11:50:27,205 - __main__ - DEBUG - fish iteration 2
2024-07-29 11:51:11,133 - __main__ - DEBUG - fish iteration 3
2024-07-29 11:51:39,075 - __main__ - DEBUG - x_1, y_1 = 915, 690
2024-07-29 11:51:43,627 - __main__ - DEBUG - x_1, y_1 = 919, 682
2024-07-29 11:51:46,865 - __main__ - DEBUG - fish iteration 0
2024-07-29 11:52:29,897 - __main__ - DEBUG - fish iteration 1
2024-07-29 11:52:48,823 - __main__ - DEBUG - fish iteration 2
2024-07-29 11:52:57,897 - __main__ - DEBUG - x_1, y_1 = 911, 679
2024-07-29 11:53:11,378 - __main__ - DEBUG - x_1, y_1 = 906, 671
2024-07-29 11:53:17,058 - __main__ - DEBUG - x_1, y_1 = 897, 662
2024-07-29 11:53:24,978 - __main__ - DEBUG - x_1, y_1 = 896, 654
2024-07-29 11:53:31,647 - __main__ - DEBUG - fish iteration 0
2024-07-29 11:53:38,646 - __main__ - DEBUG - fish iteration 1
2024-07-29 11:53:46,808 - __main__ - DEBUG - fish iteration 2
2024-07-29 11:53:54,757 - __main__ - DEBUG - x_1, y_1 = 884, 653
2024-07-29 11:53:59,308 - __main__ - DEBUG - x_1, y_1 = 873, 651
2024-07-29 11:54:08,215 - __main__ - DEBUG - fish iteration 0
2024-07-29 11:54:33,801 - __main__ - DEBUG - fish iteration 1
2024-07-29 11:55:09,215 - __main__ - DEBUG - fish iteration 2
2024-07-29 11:55:36,243 - __main__ - DEBUG - x_1, y_1 = 884, 653
2024-07-29 11:55:41,835 - __main__ - DEBUG - x_1, y_1 = 896, 654
2024-07-29 11:55:44,037 - __main__ - DEBUG - fish iteration 0
2024-07-29 11:56:11,829 - __main__ - DEBUG - fish iteration 1
2024-07-29 11:56:34,665 - __main__ - DEBUG - fish iteration 2
2024-07-29 11:56:55,000 - __main__ - DEBUG - fish iteration 3
2024-07-29 11:57:01,537 - __main__ - DEBUG - x_1, y_1 = 897, 662
2024-07-29 11:57:11,701 - __main__ - DEBUG - x_1, y_1 = 906, 671
2024-07-29 11:57:18,420 - __main__ - DEBUG - x_1, y_1 = 911, 679
2024-07-29 11:57:24,101 - __main__ - DEBUG - x_1, y_1 = 919, 682
2024-07-29 11:57:33,001 - __main__ - DEBUG - fish iteration 0
2024-07-29 11:57:45,803 - __main__ - DEBUG - x_1, y_1 = 915, 690
2024-07-29 11:57:53,701 - __main__ - DEBUG - x_1, y_1 = 913, 698
2024-07-29 11:58:00,284 - __main__ - DEBUG - fish iteration 0
2024-07-29 11:58:18,237 - __main__ - DEBUG - fish iteration 1
2024-07-29 11:58:41,516 - __main__ - DEBUG - x_1, y_1 = 915, 690
2024-07-29 11:58:46,067 - __main__ - DEBUG - x_1, y_1 = 919, 682
2024-07-29 11:58:49,305 - __main__ - DEBUG - fish iteration 0
2024-07-29 11:59:12,456 - __main__ - DEBUG - fish iteration 1
2024-07-29 11:59:42,368 - __main__ - DEBUG - fish iteration 2
2024-07-29 11:59:57,480 - __main__ - DEBUG - fish iteration 3
2024-07-29 12:00:09,705 - __main__ - DEBUG - fish iteration 4
2024-07-29 12:00:16,418 - __main__ - DEBUG - x_1, y_1 = 911, 679
2024-07-29 12:00:23,206 - __main__ - DEBUG - x_1, y_1 = 906, 671
2024-07-29 12:00:31,123 - __main__ - DEBUG - x_1, y_1 = 897, 662
2024-07-29 12:00:39,021 - __main__ - DEBUG - x_1, y_1 = 896, 654
2024-07-29 12:00:44,570 - __main__ - DEBUG - fish iteration 0
2024-07-29 12:01:14,783 - __main__ - DEBUG - x_1, y_1 = 884, 653
2024-07-29 12:01:22,687 - __main__ - DEBUG - x_1, y_1 = 873, 651
2024-07-29 12:01:30,434 - __main__ - DEBUG - fish iteration 0
2024-07-29 12:01:53,336 - __main__ - DEBUG - fish iteration 1
2024-07-29 12:02:11,151 - __main__ - DEBUG - fish iteration 2
2024-07-29 12:02:35,650 - __main__ - DEBUG - fish iteration 3
2024-07-29 12:02:58,139 - __main__ - DEBUG - fish iteration 4
2024-07-29 12:03:22,308 - __main__ - DEBUG - Finished
2024-07-29 12:03:46,508 - __main__ - DEBUG - Started
2024-07-29 12:03:46,508 - __main__ - DEBUG - x_1, y_1 = 873, 651
2024-07-29 12:03:48,643 - __main__ - DEBUG - fish iteration 0
2024-07-29 12:04:00,739 - __main__ - DEBUG - x_1, y_1 = 884, 653
2024-07-29 12:04:05,253 - __main__ - DEBUG - x_1, y_1 = 896, 654
2024-07-29 12:04:11,805 - __main__ - DEBUG - fish iteration 0
2024-07-29 12:04:37,952 - __main__ - DEBUG - fish iteration 1
2024-07-29 12:04:52,909 - __main__ - DEBUG - x_1, y_1 = 897, 662
2024-07-29 12:04:57,455 - __main__ - DEBUG - x_1, y_1 = 906, 671
2024-07-29 12:05:07,592 - __main__ - DEBUG - x_1, y_1 = 911, 679
2024-07-29 12:05:15,493 - __main__ - DEBUG - x_1, y_1 = 919, 682
2024-07-29 12:05:22,078 - __main__ - DEBUG - fish iteration 0
2024-07-29 12:05:48,992 - __main__ - DEBUG - fish iteration 1
2024-07-29 12:06:03,929 - __main__ - DEBUG - fish iteration 2
2024-07-29 12:06:30,824 - __main__ - DEBUG - fish iteration 3
2024-07-29 12:06:58,389 - __main__ - DEBUG - fish iteration 4
2024-07-29 12:07:32,127 - __main__ - DEBUG - x_1, y_1 = 915, 690
2024-07-29 12:07:37,785 - __main__ - DEBUG - x_1, y_1 = 913, 698
2024-07-29 12:07:43,240 - __main__ - DEBUG - fish iteration 0
2024-07-29 12:08:03,981 - __main__ - DEBUG - fish iteration 1
2024-07-29 12:08:20,677 - __main__ - DEBUG - fish iteration 2
2024-07-29 12:08:28,361 - __main__ - DEBUG - fish iteration 3
2024-07-29 12:08:49,435 - __main__ - DEBUG - fish iteration 4
2024-07-29 12:09:23,908 - __main__ - DEBUG - x_1, y_1 = 915, 690
2024-07-29 12:09:29,577 - __main__ - DEBUG - x_1, y_1 = 919, 682
2024-07-29 12:09:33,928 - __main__ - DEBUG - fish iteration 0
2024-07-29 12:10:03,679 - __main__ - DEBUG - fish iteration 1
2024-07-29 12:28:48,970 - __main__ - DEBUG - Started
2024-07-29 12:28:49,178 - __main__ - DEBUG - x_1, y_1 = 873, 651
2024-07-29 12:29:01,919 - __main__ - DEBUG - Started
2024-07-29 12:29:02,120 - __main__ - DEBUG - x_1, y_1 = 873, 651
2024-07-29 12:29:06,572 - __main__ - DEBUG - fish iteration 0
2024-07-29 12:29:33,112 - __main__ - DEBUG - Started
2024-07-29 12:29:33,314 - __main__ - DEBUG - x_1, y_1 = 873, 651
2024-07-29 12:30:06,713 - __main__ - DEBUG - Started
2024-07-29 12:30:06,920 - __main__ - DEBUG - x_1, y_1 = 873, 651
2024-07-29 12:30:11,361 - __main__ - DEBUG - fish iteration 0
2024-07-29 12:30:45,661 - __main__ - DEBUG - Started
2024-07-29 12:30:47,870 - __main__ - DEBUG - x_1, y_1 = 873, 651
2024-07-29 12:30:55,683 - __main__ - DEBUG - fish iteration 0
2024-07-29 12:31:20,545 - __main__ - DEBUG - fish iteration 1
2024-07-29 12:31:27,497 - __main__ - DEBUG - fish iteration 2
2024-07-29 12:31:33,618 - __main__ - DEBUG - fish iteration 3
2024-07-29 12:31:38,615 - __main__ - DEBUG - x_1, y_1 = 884, 653
2024-07-29 12:31:47,579 - __main__ - DEBUG - x_1, y_1 = 896, 654
2024-07-29 12:31:54,146 - __main__ - DEBUG - fish iteration 0
2024-07-29 12:32:11,269 - __main__ - DEBUG - fish iteration 1
2024-07-29 12:32:17,536 - __main__ - DEBUG - fish iteration 2
2024-07-29 12:32:23,961 - __main__ - DEBUG - fish iteration 3
2024-07-29 12:32:36,182 - __main__ - DEBUG - fish iteration 4
2024-07-29 12:32:57,937 - __main__ - DEBUG - x_1, y_1 = 897, 662
2024-07-29 12:33:03,484 - __main__ - DEBUG - x_1, y_1 = 906, 671
2024-07-29 12:33:13,556 - __main__ - DEBUG - x_1, y_1 = 911, 679
2024-07-29 12:33:22,513 - __main__ - DEBUG - x_1, y_1 = 919, 682
2024-07-29 12:33:28,037 - __main__ - DEBUG - fish iteration 0
2024-07-29 12:33:50,483 - __main__ - DEBUG - fish iteration 1
2024-07-29 12:34:17,537 - __main__ - DEBUG - fish iteration 2
2024-07-29 12:34:50,501 - __main__ - DEBUG - fish iteration 3
2024-07-29 12:35:07,449 - __main__ - DEBUG - x_1, y_1 = 915, 690
2024-07-29 12:35:10,786 - __main__ - DEBUG - x_1, y_1 = 913, 698
2024-07-29 12:35:17,344 - __main__ - DEBUG - fish iteration 0
2024-07-29 12:35:43,705 - __main__ - DEBUG - fish iteration 1
2024-07-29 12:36:07,737 - __main__ - DEBUG - fish iteration 2
2024-07-29 12:36:33,346 - __main__ - DEBUG - fish iteration 3
2024-07-29 12:36:56,604 - __main__ - DEBUG - x_1, y_1 = 873, 651
2024-07-29 12:37:15,473 - __main__ - DEBUG - fish iteration 0
2024-07-29 12:37:41,450 - __main__ - DEBUG - fish iteration 1
2024-07-29 12:37:50,972 - __main__ - DEBUG - fish iteration 2
2024-07-29 12:37:59,599 - __main__ - DEBUG - x_1, y_1 = 884, 653
2024-07-29 12:38:04,119 - __main__ - DEBUG - x_1, y_1 = 896, 654
2024-07-29 12:38:11,787 - __main__ - DEBUG - fish iteration 0
2024-07-29 12:38:18,155 - __main__ - DEBUG - fish iteration 1
2024-07-29 12:38:24,617 - __main__ - DEBUG - fish iteration 2
2024-07-29 12:38:32,909 - __main__ - DEBUG - fish iteration 3
2024-07-29 12:38:41,622 - __main__ - DEBUG - x_1, y_1 = 897, 662
2024-07-29 12:38:47,189 - __main__ - DEBUG - x_1, y_1 = 906, 671
2024-07-29 12:38:57,278 - __main__ - DEBUG - x_1, y_1 = 911, 679
2024-07-29 12:39:05,137 - __main__ - DEBUG - x_1, y_1 = 919, 682
2024-07-29 12:39:15,124 - __main__ - DEBUG - fish iteration 0
2024-07-29 12:39:54,076 - __main__ - DEBUG - fish iteration 1
2024-07-29 12:40:25,500 - __main__ - DEBUG - fish iteration 2
2024-07-29 12:40:33,165 - __main__ - DEBUG - fish iteration 3
2024-07-29 12:40:54,992 - __main__ - DEBUG - fish iteration 4
2024-07-29 12:41:01,724 - __main__ - DEBUG - x_1, y_1 = 915, 690
2024-07-29 12:41:09,564 - __main__ - DEBUG - x_1, y_1 = 913, 698
2024-07-29 12:41:18,393 - __main__ - DEBUG - fish iteration 0
2024-07-29 12:41:41,265 - __main__ - DEBUG - fish iteration 1
2024-07-29 12:42:11,104 - __main__ - DEBUG - fish iteration 2
2024-07-29 12:42:35,269 - __main__ - DEBUG - fish iteration 3
2024-07-29 12:42:53,518 - __main__ - DEBUG - fish iteration 4
2024-07-29 12:43:18,949 - __main__ - DEBUG - x_1, y_1 = 873, 651
2024-07-29 12:43:34,406 - __main__ - DEBUG - fish iteration 0
2024-07-29 12:43:40,743 - __main__ - DEBUG - fish iteration 1
2024-07-29 12:43:48,251 - __main__ - DEBUG - x_1, y_1 = 884, 653
2024-07-29 12:43:57,138 - __main__ - DEBUG - x_1, y_1 = 896, 654
2024-07-29 12:44:01,472 - __main__ - DEBUG - fish iteration 0
2024-07-29 12:44:07,784 - __main__ - DEBUG - fish iteration 1
2024-07-29 12:44:23,725 - __main__ - DEBUG - fish iteration 2
2024-07-29 12:44:30,429 - __main__ - DEBUG - x_1, y_1 = 897, 662
2024-07-29 12:44:37,166 - __main__ - DEBUG - x_1, y_1 = 906, 671
2024-07-29 12:44:47,267 - __main__ - DEBUG - x_1, y_1 = 911, 679
2024-07-29 12:44:56,231 - __main__ - DEBUG - x_1, y_1 = 919, 682
2024-07-29 12:45:07,345 - __main__ - DEBUG - fish iteration 0
2024-07-29 12:45:39,627 - __main__ - DEBUG - fish iteration 1
2024-07-29 12:46:06,224 - __main__ - DEBUG - fish iteration 2
2024-07-29 12:46:22,528 - __main__ - DEBUG - x_1, y_1 = 915, 690
2024-07-29 12:46:25,875 - __main__ - DEBUG - x_1, y_1 = 913, 698
2024-07-29 12:46:34,749 - __main__ - DEBUG - fish iteration 0
2024-07-29 12:47:05,896 - __main__ - DEBUG - fish iteration 1
2024-07-29 12:47:44,004 - __main__ - DEBUG - x_1, y_1 = 873, 651
2024-07-29 12:48:02,844 - __main__ - DEBUG - fish iteration 0
2024-07-29 12:48:10,464 - __main__ - DEBUG - fish iteration 1
2024-07-29 12:48:29,139 - __main__ - DEBUG - x_1, y_1 = 884, 653
2024-07-29 12:48:40,356 - __main__ - DEBUG - x_1, y_1 = 896, 654
2024-07-29 12:48:44,700 - __main__ - DEBUG - fish iteration 0
2024-07-29 12:49:03,489 - __main__ - DEBUG - x_1, y_1 = 897, 662
2024-07-29 12:49:10,255 - __main__ - DEBUG - x_1, y_1 = 906, 671
2024-07-29 12:49:19,184 - __main__ - DEBUG - x_1, y_1 = 911, 679
2024-07-29 12:49:28,190 - __main__ - DEBUG - x_1, y_1 = 919, 682
2024-07-29 12:49:34,848 - __main__ - DEBUG - fish iteration 0
2024-07-29 12:50:05,081 - __main__ - DEBUG - fish iteration 1
2024-07-29 12:50:23,648 - __main__ - DEBUG - fish iteration 2
2024-07-29 12:50:30,240 - __main__ - DEBUG - x_1, y_1 = 915, 690
2024-07-29 12:50:33,578 - __main__ - DEBUG - x_1, y_1 = 913, 698
2024-07-29 12:50:40,151 - __main__ - DEBUG - fish iteration 0
2024-07-29 12:51:23,737 - __main__ - DEBUG - fish iteration 1
2024-07-29 12:51:53,528 - __main__ - DEBUG - fish iteration 2
2024-07-29 12:52:23,597 - __main__ - DEBUG - fish iteration 3
2024-07-29 12:52:30,909 - __main__ - DEBUG - x_1, y_1 = 873, 651
2024-07-29 12:52:50,960 - __main__ - DEBUG - fish iteration 0
2024-07-29 12:53:03,177 - __main__ - DEBUG - fish iteration 1
2024-07-29 12:53:09,117 - __main__ - DEBUG - x_1, y_1 = 884, 653
2024-07-29 12:53:13,656 - __main__ - DEBUG - x_1, y_1 = 896, 654
2024-07-29 12:53:20,232 - __main__ - DEBUG - fish iteration 0
2024-07-29 12:53:31,000 - __main__ - DEBUG - fish iteration 1
2024-07-29 12:53:37,409 - __main__ - DEBUG - fish iteration 2
2024-07-29 12:53:44,192 - __main__ - DEBUG - x_1, y_1 = 897, 662
2024-07-29 12:53:48,756 - __main__ - DEBUG - x_1, y_1 = 906, 671
2024-07-29 12:53:58,919 - __main__ - DEBUG - x_1, y_1 = 911, 679
2024-07-29 12:54:06,835 - __main__ - DEBUG - x_1, y_1 = 919, 682
2024-07-29 12:54:16,869 - __main__ - DEBUG - fish iteration 0
2024-07-29 12:54:43,492 - __main__ - DEBUG - fish iteration 1
2024-07-29 12:54:51,286 - __main__ - DEBUG - fish iteration 2
2024-07-29 12:55:19,268 - __main__ - DEBUG - x_1, y_1 = 915, 690
2024-07-29 12:55:22,626 - __main__ - DEBUG - x_1, y_1 = 913, 698
2024-07-29 12:55:25,863 - __main__ - DEBUG - fish iteration 0
2024-07-29 12:55:56,816 - __main__ - DEBUG - fish iteration 1
2024-07-29 12:56:22,586 - __main__ - DEBUG - x_1, y_1 = 873, 651
2024-07-29 12:56:43,790 - __main__ - DEBUG - fish iteration 0
2024-07-29 12:56:51,671 - __main__ - DEBUG - fish iteration 1
2024-07-29 12:57:02,339 - __main__ - DEBUG - x_1, y_1 = 884, 653
2024-07-29 12:57:15,857 - __main__ - DEBUG - x_1, y_1 = 896, 654
2024-07-29 12:57:22,446 - __main__ - DEBUG - fish iteration 0
2024-07-29 12:57:46,043 - __main__ - DEBUG - fish iteration 1
2024-07-29 12:57:53,670 - __main__ - DEBUG - fish iteration 2
2024-07-29 12:58:15,682 - __main__ - DEBUG - fish iteration 3
2024-07-29 12:58:23,333 - __main__ - DEBUG - fish iteration 4
2024-07-29 12:59:10,553 - __main__ - DEBUG - x_1, y_1 = 897, 662
2024-07-29 12:59:18,463 - __main__ - DEBUG - x_1, y_1 = 906, 671
2024-07-29 12:59:26,373 - __main__ - DEBUG - x_1, y_1 = 911, 679
2024-07-29 12:59:30,922 - __main__ - DEBUG - x_1, y_1 = 919, 682
2024-07-29 12:59:40,860 - __main__ - DEBUG - fish iteration 0
2024-07-29 13:00:04,975 - __main__ - DEBUG - fish iteration 1
2024-07-29 13:00:28,197 - __main__ - DEBUG - fish iteration 2
2024-07-29 13:00:35,530 - __main__ - DEBUG - fish iteration 3
2024-07-29 13:00:42,931 - __main__ - DEBUG - fish iteration 4
2024-07-29 13:00:49,442 - __main__ - DEBUG - x_1, y_1 = 915, 690
2024-07-29 13:00:50,630 - __main__ - DEBUG - x_1, y_1 = 913, 698
2024-07-29 13:00:52,819 - __main__ - DEBUG - fish iteration 0
2024-07-29 13:00:59,254 - __main__ - DEBUG - x_1, y_1 = 873, 651
2024-07-29 13:01:01,441 - __main__ - DEBUG - fish iteration 0
2024-07-29 13:01:08,868 - __main__ - DEBUG - fish iteration 1
2024-07-29 13:01:16,343 - __main__ - DEBUG - fish iteration 2
2024-07-29 13:01:23,791 - __main__ - DEBUG - fish iteration 3
2024-07-29 13:01:31,311 - __main__ - DEBUG - fish iteration 4
2024-07-29 13:01:37,807 - __main__ - DEBUG - x_1, y_1 = 884, 653
2024-07-29 13:01:38,993 - __main__ - DEBUG - x_1, y_1 = 896, 654
2024-07-29 13:01:41,179 - __main__ - DEBUG - fish iteration 0
2024-07-29 13:01:48,723 - __main__ - DEBUG - fish iteration 1
2024-07-29 13:01:56,211 - __main__ - DEBUG - fish iteration 2
2024-07-29 13:02:03,745 - __main__ - DEBUG - fish iteration 3
2024-07-29 13:02:11,243 - __main__ - DEBUG - fish iteration 4
2024-07-29 13:02:17,881 - __main__ - DEBUG - x_1, y_1 = 897, 662
2024-07-29 13:02:19,066 - __main__ - DEBUG - x_1, y_1 = 906, 671
2024-07-29 13:02:20,251 - __main__ - DEBUG - x_1, y_1 = 911, 679
2024-07-29 13:02:21,435 - __main__ - DEBUG - x_1, y_1 = 919, 682
2024-07-29 13:02:23,621 - __main__ - DEBUG - fish iteration 0
2024-07-29 13:39:30,252 - __main__ - DEBUG - Started
2024-07-29 13:40:11,937 - __main__ - DEBUG - Started
2024-07-29 13:40:14,140 - __main__ - DEBUG - x_1, y_1 = 866, 652
2024-07-29 13:40:19,821 - __main__ - DEBUG - x_1, y_1 = 882, 652
2024-07-29 13:40:32,076 - __main__ - DEBUG - fish iteration 0
2024-07-29 13:41:06,729 - __main__ - DEBUG - fish iteration 1
2024-07-29 13:41:43,889 - __main__ - DEBUG - Started
2024-07-29 13:41:46,092 - __main__ - DEBUG - x_1, y_1 = 866, 652
2024-07-29 13:43:42,588 - __main__ - DEBUG - Started
2024-07-29 13:43:44,791 - __main__ - DEBUG - x_1, y_1 = 866, 652
2024-07-29 13:43:51,595 - __main__ - DEBUG - x_1, y_1 = 882, 652
2024-07-29 13:44:06,339 - __main__ - DEBUG - Started
2024-07-29 13:44:08,542 - __main__ - DEBUG - x_1, y_1 = 866, 652
2024-07-29 13:44:10,796 - __main__ - DEBUG - x_1, y_1 = 882, 652
2024-07-29 13:45:38,845 - __main__ - DEBUG - Started
2024-07-29 13:45:41,047 - __main__ - DEBUG - x_1, y_1 = 866, 652
2024-07-29 13:45:42,251 - __main__ - DEBUG - x_1, y_1 = 882, 652
2024-07-29 13:46:20,060 - __main__ - DEBUG - Started
2024-07-29 13:46:22,268 - __main__ - DEBUG - x_1, y_1 = 866, 652
2024-07-29 13:47:19,875 - __main__ - DEBUG - Started
2024-07-29 13:47:21,977 - __main__ - DEBUG - x_1, y_1 = 866, 652
2024-07-29 13:47:23,182 - __main__ - DEBUG - x_1, y_1 = 882, 652
2024-07-29 13:49:12,097 - __main__ - DEBUG - Started
2024-07-29 13:49:14,305 - __main__ - DEBUG - x_1, y_1 = 866, 652
2024-07-29 13:49:16,553 - __main__ - DEBUG - x_1, y_1 = 882, 652
2024-07-29 13:49:29,946 - __main__ - DEBUG - fish iteration 0
2024-07-29 13:49:50,864 - __main__ - DEBUG - x_1, y_1 = 866, 652
2024-07-29 13:49:58,646 - __main__ - DEBUG - x_1, y_1 = 855, 651
2024-07-29 13:50:04,162 - __main__ - DEBUG - fish iteration 0
2024-07-29 13:50:58,231 - __main__ - DEBUG - fish iteration 1
2024-07-29 13:51:13,427 - __main__ - DEBUG - fish iteration 2
2024-07-29 13:51:51,216 - __main__ - DEBUG - fish iteration 3
2024-07-29 13:51:58,054 - __main__ - DEBUG - x_1, y_1 = 871, 650
2024-07-29 13:52:10,258 - __main__ - DEBUG - fish iteration 0
2024-07-29 14:22:21,255 - __main__ - DEBUG - Started
2024-07-29 14:22:23,464 - __main__ - DEBUG - x_1, y_1 = 866, 652
2024-07-29 14:22:25,706 - __main__ - DEBUG - x_1, y_1 = 882, 652
2024-07-29 14:22:32,371 - __main__ - DEBUG - fish iteration 0
2024-07-29 14:23:13,222 - __main__ - DEBUG - x_1, y_1 = 866, 652
2024-07-29 14:23:23,345 - __main__ - DEBUG - x_1, y_1 = 855, 651
2024-07-29 14:23:32,193 - __main__ - DEBUG - fish iteration 0
2024-07-29 14:33:49,394 - __main__ - DEBUG - Started
2024-07-29 14:33:51,598 - __main__ - DEBUG - x_1, y_1 = 866, 652
2024-07-29 14:33:59,412 - __main__ - DEBUG - x_1, y_1 = 882, 652
2024-07-29 14:34:10,555 - __main__ - DEBUG - fish iteration 0
2024-07-29 14:34:21,641 - __main__ - DEBUG - fish iteration 1
2024-07-29 14:34:29,416 - __main__ - DEBUG - fish iteration 2
2024-07-29 14:34:36,425 - __main__ - DEBUG - fish iteration 3
2024-07-29 14:35:16,735 - __main__ - DEBUG - fish iteration 4
2024-07-29 14:35:48,007 - __main__ - DEBUG - x_1, y_1 = 866, 652
2024-07-29 14:35:57,983 - __main__ - DEBUG - x_1, y_1 = 855, 651
2024-07-29 14:36:03,496 - __main__ - DEBUG - fish iteration 0
2024-07-29 14:36:13,709 - __main__ - DEBUG - x_1, y_1 = 871, 650
2024-07-29 15:30:33,128 - __main__ - DEBUG - Started
2024-07-29 15:30:35,336 - __main__ - DEBUG - x_1, y_1 = 866, 652
2024-07-29 15:30:38,782 - __main__ - DEBUG - x_1, y_1 = 882, 652
2024-07-29 15:30:46,497 - __main__ - DEBUG - fish iteration 0
2024-07-29 15:30:57,327 - __main__ - DEBUG - fish iteration 1
2024-07-29 15:31:03,412 - __main__ - DEBUG - x_1, y_1 = 866, 652
2024-07-29 15:31:15,691 - __main__ - DEBUG - x_1, y_1 = 855, 651
2024-07-29 15:31:26,743 - __main__ - DEBUG - fish iteration 0
2024-07-29 15:32:23,129 - __main__ - DEBUG - fish iteration 1
2024-07-29 15:32:29,775 - __main__ - DEBUG - x_1, y_1 = 871, 650
2024-07-29 15:32:38,545 - __main__ - DEBUG - fish iteration 0
2024-07-29 15:32:58,132 - __main__ - DEBUG - fish iteration 1
2024-07-29 15:33:04,931 - __main__ - DEBUG - x_1, y_1 = 883, 652
2024-07-29 15:33:09,482 - __main__ - DEBUG - x_1, y_1 = 893, 658
2024-07-29 15:33:18,539 - __main__ - DEBUG - x_1, y_1 = 901, 660
2024-07-29 15:33:28,482 - __main__ - DEBUG - fish iteration 0
2024-07-29 15:33:46,678 - __main__ - DEBUG - fish iteration 1
2024-07-29 15:34:31,422 - __main__ - DEBUG - fish iteration 2
2024-07-29 15:35:02,829 - __main__ - DEBUG - fish iteration 3
2024-07-29 15:35:26,032 - __main__ - DEBUG - fish iteration 4
2024-07-29 15:36:04,007 - __main__ - DEBUG - x_1, y_1 = 904, 667
2024-07-29 15:36:12,976 - __main__ - DEBUG - x_1, y_1 = 913, 668
2024-07-29 15:36:19,628 - __main__ - DEBUG - fish iteration 0
2024-07-29 15:36:44,516 - __main__ - DEBUG - fish iteration 1
2024-07-29 15:36:51,811 - __main__ - DEBUG - x_1, y_1 = 909, 675
2024-07-29 15:37:00,777 - __main__ - DEBUG - x_1, y_1 = 917, 682
2024-07-29 15:37:12,978 - __main__ - DEBUG - fish iteration 0
2024-07-29 15:37:47,649 - __main__ - DEBUG - fish iteration 1
2024-07-29 15:37:57,120 - __main__ - DEBUG - fish iteration 2
2024-07-29 15:38:20,054 - __main__ - DEBUG - fish iteration 3
2024-07-29 17:39:20,118 - __main__ - DEBUG - Started
2024-07-29 17:39:22,322 - __main__ - DEBUG - x_1, y_1 = 866, 652
2024-07-29 17:39:29,076 - __main__ - DEBUG - x_1, y_1 = 882, 652
2024-07-29 17:39:41,386 - __main__ - DEBUG - fish iteration 0
2024-07-29 17:40:09,850 - __main__ - DEBUG - Started
2024-07-29 17:40:12,054 - __main__ - DEBUG - x_1, y_1 = 866, 652
2024-07-29 17:40:19,900 - __main__ - DEBUG - x_1, y_1 = 882, 652
2024-07-29 17:40:27,612 - __main__ - DEBUG - fish iteration 0
2024-07-29 17:40:51,479 - __main__ - DEBUG - x_1, y_1 = 866, 652
2024-07-29 17:41:03,833 - __main__ - DEBUG - x_1, y_1 = 855, 651
2024-07-29 17:41:13,757 - __main__ - DEBUG - fish iteration 0
2024-07-29 17:41:38,997 - __main__ - DEBUG - fish iteration 1
2024-07-29 17:41:45,904 - __main__ - DEBUG - x_1, y_1 = 871, 650
2024-07-29 17:41:50,333 - __main__ - DEBUG - fish iteration 0
2024-07-29 17:42:02,069 - __main__ - DEBUG - fish iteration 1
2024-07-29 17:42:08,318 - __main__ - DEBUG - x_1, y_1 = 883, 652
2024-07-29 17:42:09,519 - __main__ - DEBUG - x_1, y_1 = 893, 658
2024-07-29 17:42:11,833 - __main__ - DEBUG - x_1, y_1 = 901, 660
2024-07-29 17:42:14,037 - __main__ - DEBUG - fish iteration 0
2024-07-29 17:42:21,621 - __main__ - DEBUG - fish iteration 1
2024-07-29 17:42:36,473 - __main__ - DEBUG - fish iteration 2
2024-07-29 17:42:50,732 - __main__ - DEBUG - fish iteration 3
2024-07-29 17:42:57,389 - __main__ - DEBUG - x_1, y_1 = 904, 667
2024-07-29 17:43:09,744 - __main__ - DEBUG - x_1, y_1 = 913, 668
2024-07-29 17:43:15,219 - __main__ - DEBUG - fish iteration 0
2024-07-29 17:43:31,008 - __main__ - DEBUG - fish iteration 1
2024-07-29 17:43:37,415 - __main__ - DEBUG - fish iteration 2
2024-07-29 17:43:54,401 - __main__ - DEBUG - x_1, y_1 = 909, 675
2024-07-29 17:43:59,984 - __main__ - DEBUG - x_1, y_1 = 917, 682
2024-07-29 17:44:08,862 - __main__ - DEBUG - fish iteration 0
2024-07-29 17:44:37,405 - __main__ - DEBUG - fish iteration 1
2024-07-29 17:44:46,218 - __main__ - DEBUG - fish iteration 2
2024-07-29 17:45:09,337 - __main__ - DEBUG - fish iteration 3
2024-07-29 17:45:16,040 - __main__ - DEBUG - x_1, y_1 = 913, 689
2024-07-29 17:45:23,946 - __main__ - DEBUG - x_1, y_1 = 912, 698
2024-07-29 17:45:33,965 - __main__ - DEBUG - fish iteration 0
2024-07-29 17:45:52,806 - __main__ - DEBUG - fish iteration 1
2024-07-29 17:46:18,808 - __main__ - DEBUG - fish iteration 2
2024-07-29 17:46:26,341 - __main__ - DEBUG - fish iteration 3
